<?xml version="1.0" encoding="UTF-8"?>
<!-- Generated by org.testng.reporters.JUnitXMLReporter -->
<testsuite ignored="0" hostname="Abhi" failures="0" tests="2" name="Test-Runner-Chrome" time="0.14" errors="0" timestamp="2023-07-26T19:12:28 IST">
  <testcase classname="vtiger.ogranizationTests.CreateOrgnizationTest" name="CreateOrgTest" time="0.001">
    <skipped/>
  </testcase> <!-- CreateOrgTest -->
  <testcase classname="vtiger.ogranizationTests.CreateOrgnizationTest" name="demotest" time="0.0">
    <skipped/>
  </testcase> <!-- demotest -->
</testsuite> <!-- Test-Runner-Chrome -->
