<?xml version="1.0" encoding="UTF-8"?>
<!-- Generated by org.testng.reporters.JUnitReportReporter -->
<testsuite hostname="Abhi" failures="0" tests="5" name="vtiger.ogranizationTests.CreateMultiOrgWithIndustry" time="63.226" errors="0" timestamp="2023-07-21T18:55:43 IST" skipped="0">
  <testcase classname="vtiger.ogranizationTests.CreateMultiOrgWithIndustry" name="createMultiOrg" time="12.738"/>
  <testcase classname="vtiger.ogranizationTests.CreateMultiOrgWithIndustry" name="createMultiOrg" time="12.576"/>
  <testcase classname="vtiger.ogranizationTests.CreateMultiOrgWithIndustry" name="createMultiOrg" time="13.160"/>
  <testcase classname="vtiger.ogranizationTests.CreateMultiOrgWithIndustry" name="createMultiOrg" time="11.863"/>
  <testcase classname="vtiger.ogranizationTests.CreateMultiOrgWithIndustry" name="createMultiOrg" time="12.889"/>
</testsuite> <!-- vtiger.ogranizationTests.CreateMultiOrgWithIndustry -->
