<?xml version="1.0" encoding="UTF-8"?>
<!-- Generated by org.testng.reporters.JUnitReportReporter -->
<testsuite hostname="Abhi" failures="0" tests="6" name="vtiger.practice.TestNGPracticeTest" time="0.025" errors="0" timestamp="2023-07-20T18:55:53 IST" skipped="0">
  <testcase classname="vtiger.practice.TestNGPracticeTest" name="deleteCustomer" time="0.011"/>
  <testcase classname="vtiger.practice.TestNGPracticeTest" name="modifyCustomer" time="0.002"/>
  <testcase classname="vtiger.practice.TestNGPracticeTest" name="modifyCustomer" time="0.003"/>
  <testcase classname="vtiger.practice.TestNGPracticeTest" name="createCustomer" time="0.002"/>
  <testcase classname="vtiger.practice.TestNGPracticeTest" name="createCustomer" time="0.004"/>
  <testcase classname="vtiger.practice.TestNGPracticeTest" name="createCustomer" time="0.003"/>
</testsuite> <!-- vtiger.practice.TestNGPracticeTest -->
