<?xml version="1.0" encoding="UTF-8"?>
<!-- Generated by org.testng.reporters.JUnitReportReporter -->
<testsuite hostname="Abhi" failures="0" tests="2" name="vtiger.ogranizationTests.CreateOrgnizationTest" time="12.041" errors="0" timestamp="2023-08-01T20:24:02 IST" skipped="0">
  <testcase classname="vtiger.ogranizationTests.CreateOrgnizationTest" name="CreateOrgTest" time="8.656">
    <system-out>
      <![CDATA[Org link clicked
CreateOrg LookUp Img is clicked
Organization Created
Organization Created with Industry]]>
    </system-out>
  </testcase> <!-- CreateOrgTest -->
  <testcase classname="vtiger.ogranizationTests.CreateOrgnizationTest" name="demotest" time="3.385"/>
  <system-out>
    <![CDATA[Org link clicked
CreateOrg LookUp Img is clicked
Organization Created
Organization Created with Industry]]>
  </system-out>
</testsuite> <!-- vtiger.ogranizationTests.CreateOrgnizationTest -->
