<?xml version="1.0" encoding="UTF-8"?>
<!-- Generated by org.testng.reporters.JUnitReportReporter -->
<testsuite hostname="Abhi" failures="0" tests="2" name="vtiger.contactsTest.CreateContactWithOrganisationTest" time="16.524" errors="0" timestamp="2023-08-01T10:52:23 IST" skipped="0">
  <testcase classname="vtiger.contactsTest.CreateContactWithOrganisationTest" name="createContactWithOrgTest" time="13.538"/>
  <testcase classname="vtiger.contactsTest.CreateContactWithOrganisationTest" name="demotest" time="2.986"/>
</testsuite> <!-- vtiger.contactsTest.CreateContactWithOrganisationTest -->
