<?xml version="1.0" encoding="UTF-8"?>
<!-- Generated by org.testng.reporters.JUnitReportReporter -->
<testsuite hostname="Abhi" failures="0" tests="3" name="vtiger.practice.DataProviderPractice" time="0.008" errors="0" timestamp="2023-07-20T18:55:53 IST" skipped="0">
  <testcase classname="vtiger.practice.DataProviderPractice" name="addToCarttest" time="0.002"/>
  <testcase classname="vtiger.practice.DataProviderPractice" name="addToCarttest" time="0.004"/>
  <testcase classname="vtiger.practice.DataProviderPractice" name="addToCarttest" time="0.002"/>
</testsuite> <!-- vtiger.practice.DataProviderPractice -->
