<?xml version="1.0" encoding="UTF-8"?>
<!-- Generated by org.testng.reporters.JUnitReportReporter -->
<testsuite hostname="Abhi" failures="0" tests="1" name="vtiger.productTest.CreateNewProductWithAVendorTest" time="8.665" errors="0" timestamp="2023-08-01T11:30:57 IST" skipped="0">
  <testcase classname="vtiger.productTest.CreateNewProductWithAVendorTest" name="CreateNewProTest" time="8.665"/>
</testsuite> <!-- vtiger.productTest.CreateNewProductWithAVendorTest -->
