<?xml version="1.0" encoding="UTF-8"?>
<!-- Generated by org.testng.reporters.JUnitReportReporter -->
<testsuite hostname="Abhi" failures="0" tests="1" name="vtiger.ogranizationTests.CreateOrgnizationTest" time="11.058" errors="0" timestamp="2023-08-09T12:21:53 IST" skipped="0">
  <testcase classname="vtiger.ogranizationTests.CreateOrgnizationTest" name="CreateOrgTest" time="11.058">
    <system-out>
      <![CDATA[Org link clicked
CreateOrg LookUp Img is clicked
Organization Created
Organization Created with Industry]]>
    </system-out>
  </testcase> <!-- CreateOrgTest -->
  <system-out>
    <![CDATA[Org link clicked
CreateOrg LookUp Img is clicked
Organization Created
Organization Created with Industry]]>
  </system-out>
</testsuite> <!-- vtiger.ogranizationTests.CreateOrgnizationTest -->
